<?xml version="1.0" encoding="UTF-8"?>
<!-- Generated by org.testng.reporters.JUnitXMLReporter -->
<testsuite hostname="ip-192-168-168-68.us-west-1.compute.internal" ignored="0" name="NexusSMSTestSuite" tests="1" failures="0" timestamp="01 Feb 2019 06:00:52 GMT" time="110.509" errors="0">
  <testcase name="@BeforeMethod StartTest" time="0.0" classname="com.birdeye.NexusSMS.NexusSMSTestSuite">
    <failure type="org.testng.TestNGException" message="
Parameter &amp;apos;BrowserName&amp;apos; is required by BeforeMethod on method StartTest but has not been marked @Optional or defined
in /Users/ankitgupta/Desktop/Eclipse_Workspace/Parallel_WebAutomation/automation/Parallel_WebAutomation/BirdEye_TestFrameWork/BirdEye_TestFrameWork/NexusSMSTestSuites.xml">
      <![CDATA[org.testng.TestNGException: 
Parameter 'BrowserName' is required by BeforeMethod on method StartTest but has not been marked @Optional or defined
in /Users/ankitgupta/Desktop/Eclipse_Workspace/Parallel_WebAutomation/automation/Parallel_WebAutomation/BirdEye_TestFrameWork/BirdEye_TestFrameWork/NexusSMSTestSuites.xml
at java.util.concurrent.FutureTask.run(FutureTask.java:266)
at java.util.concurrent.ThreadPoolExecutor.runWorker(ThreadPoolExecutor.java:1149)
at java.util.concurrent.ThreadPoolExecutor$Worker.run(ThreadPoolExecutor.java:624)
at java.lang.Thread.run(Thread.java:748)
... Removed 16 stack frames]]>
    </failure>
  </testcase> <!-- @BeforeMethod StartTest -->
  <testcase name="@AfterMethod TearDownTest" time="0.0" classname="com.birdeye.NexusSMS.NexusSMSTestSuite">
    <failure type="java.lang.NullPointerException">
      <![CDATA[java.lang.NullPointerException
at com.birdeye.NexusSMS.NexusSMSTestSuite.TearDownTest(NexusSMSTestSuite.java:183)
at java.util.concurrent.FutureTask.run(FutureTask.java:266)
at java.util.concurrent.ThreadPoolExecutor.runWorker(ThreadPoolExecutor.java:1149)
at java.util.concurrent.ThreadPoolExecutor$Worker.run(ThreadPoolExecutor.java:624)
at java.lang.Thread.run(Thread.java:748)
... Removed 19 stack frames]]>
    </failure>
  </testcase> <!-- @AfterMethod TearDownTest -->
  <testcase name="@AfterClass finshTestSuites1" time="0.004" classname="com.birdeye.NexusSMS.NexusSMSTestSuite">
    <failure type="java.lang.NullPointerException">
      <![CDATA[java.lang.NullPointerException
at com.birdeye.NexusSMS.NexusSMSTestSuite.finshTestSuites1(NexusSMSTestSuite.java:241)
at java.util.concurrent.FutureTask.run(FutureTask.java:266)
at java.util.concurrent.ThreadPoolExecutor.runWorker(ThreadPoolExecutor.java:1149)
at java.util.concurrent.ThreadPoolExecutor$Worker.run(ThreadPoolExecutor.java:624)
at java.lang.Thread.run(Thread.java:748)
... Removed 17 stack frames]]>
    </failure>
  </testcase> <!-- @AfterClass finshTestSuites1 -->
  <testcase name="smsTypes" time="0.001" classname="com.birdeye.NexusSMS.NexusSMSTestSuite">
    <skipped/>
  </testcase> <!-- smsTypes -->
</testsuite> <!-- NexusSMSTestSuite -->
