<?xml version="1.0" encoding="UTF-8"?>
<!-- Generated by org.testng.reporters.JUnitReportReporter -->
<testsuite skipped="8" hostname="ip-192-168-168-27.us-west-1.compute.internal" name="com.birdeye.Suites.ReviewsTemplatesTCs" tests="10" failures="0" timestamp="25 Oct 2018 10:20:04 GMT" time="0.007" errors="2">
  <testcase name="verifyReviewResponseTemplateEntp" time="0.000" classname="com.birdeye.Suites.ReviewsTemplatesTCs">
    <skipped/>
  </testcase> <!-- verifyReviewResponseTemplateEntp -->
  <testcase name="valid_Login" time="0.000" classname="com.birdeye.Suites.ReviewsTemplatesTCs">
    <skipped/>
  </testcase> <!-- valid_Login -->
  <testcase name="reviewAutoResponse" time="0.000" classname="com.birdeye.Suites.ReviewsTemplatesTCs">
    <skipped/>
  </testcase> <!-- reviewAutoResponse -->
  <testcase name="initilizePages" time="0.000" classname="com.birdeye.Suites.ReviewsTemplatesTCs">
    <error type="org.testng.TestNGException" message="
Parameter &#039;BrowserName&#039; is required by BeforeClass on method initilizePages but has not been marked @Optional or defined
in /private/var/folders/t0/mm82hs2j2f580t3q2779d9j40000gp/T/testng-eclipse-932285329/testng-customsuite.xml">
      <![CDATA[org.testng.TestNGException: 
Parameter 'BrowserName' is required by BeforeClass on method initilizePages but has not been marked @Optional or defined
in /private/var/folders/t0/mm82hs2j2f580t3q2779d9j40000gp/T/testng-eclipse-932285329/testng-customsuite.xml
at org.testng.internal.Parameters.createParams(Parameters.java:290)
at org.testng.internal.Parameters.createParametersForMethod(Parameters.java:359)
at org.testng.internal.Parameters.createParameters(Parameters.java:620)
at org.testng.internal.Parameters.createConfigurationParameters(Parameters.java:190)
at org.testng.internal.Invoker.invokeConfigurations(Invoker.java:209)
at org.testng.internal.Invoker.invokeConfigurations(Invoker.java:142)
at org.testng.internal.TestMethodWorker.invokeBeforeClassMethods(TestMethodWorker.java:168)
at org.testng.internal.TestMethodWorker.run(TestMethodWorker.java:105)
at org.testng.TestRunner.privateRun(TestRunner.java:648)
at org.testng.TestRunner.run(TestRunner.java:505)
at org.testng.SuiteRunner.runTest(SuiteRunner.java:455)
at org.testng.SuiteRunner.runSequentially(SuiteRunner.java:450)
at org.testng.SuiteRunner.privateRun(SuiteRunner.java:415)
at org.testng.SuiteRunner.run(SuiteRunner.java:364)
at org.testng.SuiteRunnerWorker.runSuite(SuiteRunnerWorker.java:52)
at org.testng.SuiteRunnerWorker.run(SuiteRunnerWorker.java:84)
at org.testng.TestNG.runSuitesSequentially(TestNG.java:1208)
at org.testng.TestNG.runSuitesLocally(TestNG.java:1137)
at org.testng.TestNG.runSuites(TestNG.java:1049)
at org.testng.TestNG.run(TestNG.java:1017)
at org.testng.remote.AbstractRemoteTestNG.run(AbstractRemoteTestNG.java:114)
at org.testng.remote.RemoteTestNG.initAndRun(RemoteTestNG.java:251)
at org.testng.remote.RemoteTestNG.main(RemoteTestNG.java:77)
]]>
    </error>
  </testcase> <!-- initilizePages -->
  <testcase name="finshTestSuites1" time="0.007" classname="com.birdeye.Suites.ReviewsTemplatesTCs">
    <error type="java.lang.NullPointerException">
      <![CDATA[java.lang.NullPointerException
at com.birdeye.Suites.ReviewsTemplatesTCs.finshTestSuites1(ReviewsTemplatesTCs.java:305)
at sun.reflect.NativeMethodAccessorImpl.invoke0(Native Method)
at sun.reflect.NativeMethodAccessorImpl.invoke(NativeMethodAccessorImpl.java:62)
at sun.reflect.DelegatingMethodAccessorImpl.invoke(DelegatingMethodAccessorImpl.java:43)
at java.lang.reflect.Method.invoke(Method.java:498)
at org.testng.internal.MethodInvocationHelper.invokeMethod(MethodInvocationHelper.java:124)
at org.testng.internal.MethodInvocationHelper.invokeMethodConsideringTimeout(MethodInvocationHelper.java:59)
at org.testng.internal.Invoker.invokeConfigurationMethod(Invoker.java:458)
at org.testng.internal.Invoker.invokeConfigurations(Invoker.java:222)
at org.testng.internal.Invoker.invokeConfigurations(Invoker.java:142)
at org.testng.internal.TestMethodWorker.invokeAfterClassMethods(TestMethodWorker.java:214)
at org.testng.internal.TestMethodWorker.run(TestMethodWorker.java:111)
at org.testng.TestRunner.privateRun(TestRunner.java:648)
at org.testng.TestRunner.run(TestRunner.java:505)
at org.testng.SuiteRunner.runTest(SuiteRunner.java:455)
at org.testng.SuiteRunner.runSequentially(SuiteRunner.java:450)
at org.testng.SuiteRunner.privateRun(SuiteRunner.java:415)
at org.testng.SuiteRunner.run(SuiteRunner.java:364)
at org.testng.SuiteRunnerWorker.runSuite(SuiteRunnerWorker.java:52)
at org.testng.SuiteRunnerWorker.run(SuiteRunnerWorker.java:84)
at org.testng.TestNG.runSuitesSequentially(TestNG.java:1208)
at org.testng.TestNG.runSuitesLocally(TestNG.java:1137)
at org.testng.TestNG.runSuites(TestNG.java:1049)
at org.testng.TestNG.run(TestNG.java:1017)
at org.testng.remote.AbstractRemoteTestNG.run(AbstractRemoteTestNG.java:114)
at org.testng.remote.RemoteTestNG.initAndRun(RemoteTestNG.java:251)
at org.testng.remote.RemoteTestNG.main(RemoteTestNG.java:77)
]]>
    </error>
  </testcase> <!-- finshTestSuites1 -->
  <testcase name="createReviewResponseTemplateLoc" time="0.000" classname="com.birdeye.Suites.ReviewsTemplatesTCs">
    <skipped/>
  </testcase> <!-- createReviewResponseTemplateLoc -->
  <testcase name="verifyReviewResponseTemplateSMB" time="0.000" classname="com.birdeye.Suites.ReviewsTemplatesTCs">
    <skipped/>
  </testcase> <!-- verifyReviewResponseTemplateSMB -->
  <testcase name="replyReviewResponseTemplateLoc" time="0.000" classname="com.birdeye.Suites.ReviewsTemplatesTCs">
    <skipped/>
  </testcase> <!-- replyReviewResponseTemplateLoc -->
  <testcase name="replyReviewResponseTemplateEntp" time="0.000" classname="com.birdeye.Suites.ReviewsTemplatesTCs">
    <skipped/>
  </testcase> <!-- replyReviewResponseTemplateEntp -->
  <testcase name="createReviewResponseTemplateEntp" time="0.000" classname="com.birdeye.Suites.ReviewsTemplatesTCs">
    <skipped/>
  </testcase> <!-- createReviewResponseTemplateEntp -->
</testsuite> <!-- com.birdeye.Suites.ReviewsTemplatesTCs -->
